This is pdfeTeX, Version 3.141592-1.21a-2.2 (Web2C 7.5.4)
entering extended mode
(./mcfm.tex
LaTeX2e <2003/12/01>
Babel <v3.8d> and hyphenation patterns for american, french, german, ngerman, b
ahasa, basque, bulgarian, catalan, croatian, czech, danish, dutch, esperanto, e
stonian, finnish, greek, icelandic, irish, italian, latin, magyar, norsk, polis
h, portuges, romanian, russian, serbian, slovak, slovene, spanish, swedish, tur
kish, ukrainian, nohyphenation, loaded.
(/sw/share/texmf-dist/tex/latex/base/article.cls
Document Class: article 2004/02/16 v1.4f Standard LaTeX document class
(/sw/share/texmf-dist/tex/latex/base/size12.clo)) (./mcfm.aux) [1] (./mcfm.toc
[2]) (/sw/share/texmf-dist/tex/latex/base/omscmr.fd) [3] [4] [5]
Overfull \hbox (56.70538pt too wide) in paragraph at lines 169--190
 [] 
[6] [7]
Overfull \hbox (53.41382pt too wide) in paragraph at lines 268--342
 [] 

LaTeX Warning: Float too large for page by 10.63277pt on input line 347.


LaTeX Warning: `h' float specifier changed to `ht'.

[8]
Overfull \hbox (15.99513pt too wide) in paragraph at lines 381--384
[]\OT1/cmr/m/n/12 One may al-ways re-turn to the built-in dis-tri-bu-tions by r
e-set-ting \OT1/cmtt/m/n/12 PDFROUTINES
[9] [10] [11]

LaTeX Warning: Float too large for page by 34.39934pt on input line 512.


Overfull \hbox (41.2214pt too wide) in paragraph at lines 515--565
 |  [] 

LaTeX Warning: Float too large for page by 5.99937pt on input line 566.


Overfull \hbox (70.28633pt too wide) in paragraph at lines 569--623
 |  [] 

LaTeX Warning: Float too large for page by 35.79933pt on input line 624.


Overfull \hbox (12.94083pt too wide) in paragraph at lines 627--675
 |  [] 
[12] [13] [14] [15] [16] [17] [18] [19] [20]
Overfull \hbox (4.98042pt too wide) in paragraph at lines 954--958
[]\OT1/cmtt/m/n/12 ptlepton(2nd+)[]min, |etalepton(2nd+)|[]max\OT1/cmr/m/n/12 .
 These spec-ify the val-
[21]
Overfull \hbox (4.78712pt too wide) in paragraph at lines 992--996
[]\OT1/cmtt/m/n/12 conephoton, coneptcut\OT1/cmr/m/n/12 . These con-sti-tute a 
pho-ton iso-la-tion cut which
[22] [23] [24] [25] [26] [27] [28] [29] [30] [31] [32] [33] [34] [35] [36]
[37] [38] [39]
Overfull \hbox (7.4047pt too wide) in paragraph at lines 1855--1863
[]\OT1/cmr/m/n/12 Single top pro-duc-tion is di-vided as usual into $\OML/cmm/m
/it/12 s$\OT1/cmr/m/n/12 -channel (pro-cesses \OT1/cmtt/m/n/12 171-177\OT1/cmr/
m/n/12 )
[40] [41] [42] [43] [44] [45] [46]
Underfull \hbox (badness 1163) in paragraph at lines 2198--2203
[]\OT1/cmr/m/n/12 F. Mal-toni and T. Stelzer, JHEP \OT1/cmr/bx/n/12 0302\OT1/cm
r/m/n/12 , 027 (2003) [arXiv:hep-
[47] [48] (./mcfm.aux) )
(see the transcript file for additional information)
Output written on mcfm.dvi (48 pages, 176300 bytes).
Transcript written on mcfm.log.
