This is pdfeTeX, Version 3.141592-1.21a-2.2 (Web2C 7.5.4) (format=latex 2008.11.14)  16 SEP 2010 14:01
entering extended mode
**mcfm
(./mcfm.tex
LaTeX2e <2003/12/01>
Babel <v3.8d> and hyphenation patterns for american, french, german, ngerman, b
ahasa, basque, bulgarian, catalan, croatian, czech, danish, dutch, esperanto, e
stonian, finnish, greek, icelandic, irish, italian, latin, magyar, norsk, polis
h, portuges, romanian, russian, serbian, slovak, slovene, spanish, swedish, tur
kish, ukrainian, nohyphenation, loaded.
(/sw/share/texmf-dist/tex/latex/base/article.cls
Document Class: article 2004/02/16 v1.4f Standard LaTeX document class
(/sw/share/texmf-dist/tex/latex/base/size12.clo
File: size12.clo 2004/02/16 v1.4f Standard LaTeX file (size option)
)
\c@part=\count79
\c@section=\count80
\c@subsection=\count81
\c@subsubsection=\count82
\c@paragraph=\count83
\c@subparagraph=\count84
\c@figure=\count85
\c@table=\count86
\abovecaptionskip=\skip41
\belowcaptionskip=\skip42
\bibindent=\dimen102
) (./mcfm.aux)
\openout1 = `mcfm.aux'.

LaTeX Font Info:    Checking defaults for OML/cmm/m/it on input line 3.
LaTeX Font Info:    ... okay on input line 3.
LaTeX Font Info:    Checking defaults for T1/cmr/m/n on input line 3.
LaTeX Font Info:    ... okay on input line 3.
LaTeX Font Info:    Checking defaults for OT1/cmr/m/n on input line 3.
LaTeX Font Info:    ... okay on input line 3.
LaTeX Font Info:    Checking defaults for OMS/cmsy/m/n on input line 3.
LaTeX Font Info:    ... okay on input line 3.
LaTeX Font Info:    Checking defaults for OMX/cmex/m/n on input line 3.
LaTeX Font Info:    ... okay on input line 3.
LaTeX Font Info:    Checking defaults for U/cmr/m/n on input line 3.
LaTeX Font Info:    ... okay on input line 3.
 [1

] (./mcfm.toc
LaTeX Font Info:    External font `cmex10' loaded for size
(Font)              <12> on input line 4.
LaTeX Font Info:    External font `cmex10' loaded for size
(Font)              <8> on input line 4.
LaTeX Font Info:    External font `cmex10' loaded for size
(Font)              <6> on input line 4.

[2])
\tf@toc=\write3
\openout3 = `mcfm.toc'.

LaTeX Font Info:    Try loading font information for OMS+cmr on input line 50.
 (/sw/share/texmf-dist/tex/latex/base/omscmr.fd
File: omscmr.fd 1999/05/25 v2.5h Standard LaTeX font definitions
)
LaTeX Font Info:    Font shape `OMS/cmr/m/n' in size <12> not available
(Font)              Font shape `OMS/cmsy/m/n' tried instead on input line 50.
 [3] [4] [5]
Overfull \hbox (56.70538pt too wide) in paragraph at lines 169--190
 [] 
 []

[6] [7]
Overfull \hbox (53.41382pt too wide) in paragraph at lines 268--342
 [] 
 []


LaTeX Warning: Float too large for page by 10.63277pt on input line 347.


LaTeX Warning: `h' float specifier changed to `ht'.

[8]
Overfull \hbox (15.99513pt too wide) in paragraph at lines 381--384
[]\OT1/cmr/m/n/12 One may al-ways re-turn to the built-in dis-tri-bu-tions by r
e-set-ting \OT1/cmtt/m/n/12 PDFROUTINES
 []

[9] [10]
LaTeX Font Info:    External font `cmex10' loaded for size
(Font)              <7> on input line 397.
LaTeX Font Info:    External font `cmex10' loaded for size
(Font)              <5> on input line 397.
 [11

]

LaTeX Warning: Float too large for page by 34.39934pt on input line 512.


Overfull \hbox (41.2214pt too wide) in paragraph at lines 515--565
 |  [] 
 []


LaTeX Warning: Float too large for page by 5.99937pt on input line 566.


Overfull \hbox (70.28633pt too wide) in paragraph at lines 569--623
 |  [] 
 []


LaTeX Warning: Float too large for page by 35.79933pt on input line 624.


Overfull \hbox (12.94083pt too wide) in paragraph at lines 627--675
 |  [] 
 []

[12] [13] [14] [15] [16] [17] [18] [19] [20]
Overfull \hbox (4.98042pt too wide) in paragraph at lines 954--958
[]\OT1/cmtt/m/n/12 ptlepton(2nd+)[]min, |etalepton(2nd+)|[]max\OT1/cmr/m/n/12 .
 These spec-ify the val-
 []

[21]
Overfull \hbox (4.78712pt too wide) in paragraph at lines 992--996
[]\OT1/cmtt/m/n/12 conephoton, coneptcut\OT1/cmr/m/n/12 . These con-sti-tute a 
pho-ton iso-la-tion cut which
 []

[22] [23] [24] [25] [26] [27] [28] [29]
LaTeX Font Info:    External font `cmex10' loaded for size
(Font)              <14.4> on input line 1346.
 [30] [31] [32] [33] [34] [35] [36]
[37] [38] [39]
Overfull \hbox (7.4047pt too wide) in paragraph at lines 1855--1863
[]\OT1/cmr/m/n/12 Single top pro-duc-tion is di-vided as usual into $\OML/cmm/m
/it/12 s$\OT1/cmr/m/n/12 -channel (pro-cesses \OT1/cmtt/m/n/12 171-177\OT1/cmr/
m/n/12 )
 []

[40] [41] [42] [43] [44] [45] [46]
Underfull \hbox (badness 1163) in paragraph at lines 2198--2203
[]\OT1/cmr/m/n/12 F. Mal-toni and T. Stelzer, JHEP \OT1/cmr/bx/n/12 0302\OT1/cm
r/m/n/12 , 027 (2003) [arXiv:hep-
 []

[47] [48] (./mcfm.aux) ) 
Here is how much of TeX's memory you used:
 357 strings out of 94501
 4111 string characters out of 1176136
 97348 words of memory out of 1500000
 3591 multiletter control sequences out of 10000+50000
 11195 words of font info for 42 fonts, out of 1200000 for 2000
 580 hyphenation exceptions out of 8191
 23i,10n,19p,345b,295s stack positions out of 5000i,500n,6000p,200000b,5000s

Output written on mcfm.dvi (48 pages, 176300 bytes).
