This is pdfeTeX, Version 3.141592-1.21a-2.2 (Web2C 7.5.4) (format=latex 2008.11.14)  8 JUN 2011 21:03
entering extended mode
**mcfm.tex
(./mcfm.tex
LaTeX2e <2003/12/01>
Babel <v3.8d> and hyphenation patterns for american, french, german, ngerman, b
ahasa, basque, bulgarian, catalan, croatian, czech, danish, dutch, esperanto, e
stonian, finnish, greek, icelandic, irish, italian, latin, magyar, norsk, polis
h, portuges, romanian, russian, serbian, slovak, slovene, spanish, swedish, tur
kish, ukrainian, nohyphenation, loaded.
(/sw/share/texmf-dist/tex/latex/base/article.cls
Document Class: article 2004/02/16 v1.4f Standard LaTeX document class
(/sw/share/texmf-dist/tex/latex/base/size12.clo
File: size12.clo 2004/02/16 v1.4f Standard LaTeX file (size option)
)
\c@part=\count79
\c@section=\count80
\c@subsection=\count81
\c@subsubsection=\count82
\c@paragraph=\count83
\c@subparagraph=\count84
\c@figure=\count85
\c@table=\count86
\abovecaptionskip=\skip41
\belowcaptionskip=\skip42
\bibindent=\dimen102
) (./mcfm.aux)
\openout1 = `mcfm.aux'.

LaTeX Font Info:    Checking defaults for OML/cmm/m/it on input line 3.
LaTeX Font Info:    ... okay on input line 3.
LaTeX Font Info:    Checking defaults for T1/cmr/m/n on input line 3.
LaTeX Font Info:    ... okay on input line 3.
LaTeX Font Info:    Checking defaults for OT1/cmr/m/n on input line 3.
LaTeX Font Info:    ... okay on input line 3.
LaTeX Font Info:    Checking defaults for OMS/cmsy/m/n on input line 3.
LaTeX Font Info:    ... okay on input line 3.
LaTeX Font Info:    Checking defaults for OMX/cmex/m/n on input line 3.
LaTeX Font Info:    ... okay on input line 3.
LaTeX Font Info:    Checking defaults for U/cmr/m/n on input line 3.
LaTeX Font Info:    ... okay on input line 3.
 [1

] (./mcfm.toc
LaTeX Font Info:    External font `cmex10' loaded for size
(Font)              <12> on input line 4.
LaTeX Font Info:    External font `cmex10' loaded for size
(Font)              <8> on input line 4.
LaTeX Font Info:    External font `cmex10' loaded for size
(Font)              <6> on input line 4.

[2])
\tf@toc=\write3
\openout3 = `mcfm.toc'.

 [3]
LaTeX Font Info:    Try loading font information for OMS+cmr on input line 51.
 (/sw/share/texmf-dist/tex/latex/base/omscmr.fd
File: omscmr.fd 1999/05/25 v2.5h Standard LaTeX font definitions
)
LaTeX Font Info:    Font shape `OMS/cmr/m/n' in size <12> not available
(Font)              Font shape `OMS/cmsy/m/n' tried instead on input line 51.
 [4] [5] [6]
Overfull \hbox (56.70538pt too wide) in paragraph at lines 186--207
 [] 
 []

[7]
Overfull \hbox (53.41382pt too wide) in paragraph at lines 285--359
 [] 
 []


LaTeX Warning: Float too large for page by 10.63277pt on input line 364.

[8]

LaTeX Warning: `h' float specifier changed to `ht'.


Overfull \hbox (15.99513pt too wide) in paragraph at lines 398--401
[]\OT1/cmr/m/n/12 One may al-ways re-turn to the built-in dis-tri-bu-tions by r
e-set-ting \OT1/cmtt/m/n/12 PDFROUTINES
 []

[9] [10]
LaTeX Font Info:    External font `cmex10' loaded for size
(Font)              <7> on input line 414.
LaTeX Font Info:    External font `cmex10' loaded for size
(Font)              <5> on input line 414.
 [11

]

LaTeX Warning: Float too large for page by 4.59938pt on input line 531.

[12] [13]
Overfull \hbox (35.97722pt too wide) in paragraph at lines 535--574
 [] 
 []


Overfull \hbox (78.96327pt too wide) in paragraph at lines 579--608
 [] 
 []


Overfull \hbox (92.36534pt too wide) in paragraph at lines 613--649
 [] 
 []


Overfull \hbox (27.15881pt too wide) in paragraph at lines 654--686
 [] 
 []


Overfull \hbox (30.89407pt too wide) in paragraph at lines 691--729
 [] 
 []


Overfull \hbox (92.90099pt too wide) in paragraph at lines 734--767
 [] 
 []

[14] [15] [16] [17] [18] [19] [20

] [21] [22] [23] [24]
Overfull \hbox (4.98042pt too wide) in paragraph at lines 1023--1027
[]\OT1/cmtt/m/n/12 ptlepton(2nd+)[]min, |etalepton(2nd+)|[]max\OT1/cmr/m/n/12 .
 These spec-ify the val-
 []

[25]
Overfull \hbox (11.96594pt too wide) in paragraph at lines 1080--1084
\OT1/cmr/m/n/12 that all photon-lepton pairs are sep-a-rated by $^^A\OML/cmm/m/
it/12 R >$ \OT1/cmtt/m/n/12 R(photon,lept)[]min\OT1/cmr/m/n/12 .
 []

[26] [27] [28] [29] [30]
Overfull \hbox (4.86485pt too wide) in paragraph at lines 1324--1328
\OT1/cmr/m/n/12 Extra his-tograms may be added to the plot-ting files, e.g. \OT
1/cmtt/m/n/12 nplotter[]generic.f
 []

[31] [32] [33]
LaTeX Font Info:    External font `cmex10' loaded for size
(Font)              <14.4> on input line 1454.
 [34] [35] [36] [37] [38] [39] [40] [41] [42] [43] [44]
Overfull \hbox (7.4047pt too wide) in paragraph at lines 1976--1984
[]\OT1/cmr/m/n/12 Single top pro-duc-tion is di-vided as usual into $\OML/cmm/m
/it/12 s$\OT1/cmr/m/n/12 -channel (pro-cesses \OT1/cmtt/m/n/12 171-177\OT1/cmr/
m/n/12 )
 []

[45] [46] [47] [48] [49] [50] [51] [52] [53] [54]
Underfull \hbox (badness 1163) in paragraph at lines 2457--2462
[]\OT1/cmr/m/n/12 F. Mal-toni and T. Stelzer, JHEP \OT1/cmr/bx/n/12 0302\OT1/cm
r/m/n/12 , 027 (2003) [arXiv:hep-
 []

[55] [56] [57] (./mcfm.aux) ) 
Here is how much of TeX's memory you used:
 369 strings out of 94501
 4294 string characters out of 1176136
 93348 words of memory out of 1500000
 3603 multiletter control sequences out of 10000+50000
 11195 words of font info for 42 fonts, out of 1200000 for 2000
 580 hyphenation exceptions out of 8191
 23i,10n,19p,392b,294s stack positions out of 5000i,500n,6000p,200000b,5000s

Output written on mcfm.dvi (57 pages, 205872 bytes).
